<?xml version="1.0" encoding="UTF-8"?>
<!-- Generated by org.testng.reporters.JUnitXMLReporter -->
<testsuite ignored="0" hostname="DESKTOP-SH04G3P" failures="2" tests="6" name="Test" time="91.567" errors="0" timestamp="2025-01-27T23:22:40 IST">
  <testcase classname="TestCase.TC001_Login_Buyer" name="Buyer_Login" time="16.211"/>
  <testcase classname="TestCase.TC002_Add_Enquiry" name="Add_enquiry" time="41.154">
    <failure type="java.lang.AssertionError" message="The following asserts failed:
	expected [ Lieferant ausgewählt ] but found [Lieferant ausgewählt],
	expected [Anfragen] but found [User Profiles]">
      <![CDATA[java.lang.AssertionError: The following asserts failed:
expected [ Lieferant ausgewählt ] but found [Lieferant ausgewählt],
expected [Anfragen] but found [User Profiles]
at TestCase.TC002_Add_Enquiry.Add_enquiry(TC002_Add_Enquiry.java:54)
at java.base/java.util.ArrayList.forEach(ArrayList.java:1597)
... Removed 27 stack frames]]>
    </failure>
  </testcase> <!-- Add_enquiry -->
  <testcase classname="TestCase.TC003_Login_Supplier" name="Supplier_Login" time="12.387"/>
  <testcase classname="TestCase.TC004_Check_Enquiry" name="View_enquiry" time="15.575"/>
  <testcase classname="TestCase.TC005_BuyerCheckOffer" name="View_Offer" time="4.757"/>
  <testcase classname="TestCase.TC006_ViewOrder" name="CheckOder" time="1.36">
    <failure type="java.lang.IllegalArgumentException" message="Keys to send should be a not null CharSequence">
      <![CDATA[java.lang.IllegalArgumentException: Keys to send should be a not null CharSequence
at org.openqa.selenium.remote.RemoteWebElement.sendKeys(RemoteWebElement.java:96)
at org.openqa.selenium.support.pagefactory.internal.LocatingElementHandler.invoke(LocatingElementHandler.java:51)
at jdk.proxy2/jdk.proxy2.$Proxy10.sendKeys(Unknown Source)
at PageObject.Enquiry_Page.search(Enquiry_Page.java:109)
at TestCase.TC006_ViewOrder.CheckOder(TC006_ViewOrder.java:19)
at java.base/java.util.ArrayList.forEach(ArrayList.java:1597)
... Removed 27 stack frames]]>
    </failure>
  </testcase> <!-- CheckOder -->
</testsuite> <!-- Test -->
