<?xml version="1.0" encoding="UTF-8"?>
<!-- Generated by org.testng.reporters.JUnitXMLReporter -->
<testsuite ignored="0" hostname="DESKTOP-SH04G3P" failures="0" tests="4" name="Test" time="76.396" errors="0" timestamp="2025-01-21T19:02:23 IST">
  <testcase classname="TestCase.TC001_Login_Buyer" name="Buyer_Login" time="15.546"/>
  <testcase classname="TestCase.TC002_Add_Enquiry" name="Add_enquiry" time="31.632"/>
  <testcase classname="TestCase.TC003_Login_Supplier" name="Supplier_Login" time="12.833"/>
  <testcase classname="TestCase.TC004_Check_Enquiry" name="View_enquiry" time="16.24"/>
</testsuite> <!-- Test -->
