<?xml version="1.0" encoding="UTF-8"?>
<!-- Generated by org.testng.reporters.JUnitXMLReporter -->
<testsuite ignored="0" hostname="DESKTOP-SH04G3P" failures="1" tests="4" name="Test" time="59.328" errors="0" timestamp="2025-01-17T17:31:53 IST">
  <testcase classname="TestCase.TC001_Login_Buyer" name="Buyer_Login" time="14.167"/>
  <testcase classname="TestCase.TC002_Add_Enquiry" name="Add_enquiry" time="31.907">
    <failure type="org.openqa.selenium.ElementClickInterceptedException" message="element click intercepted: Element &amp;lt;span _ngcontent-hfo-c162=&amp;quot;&amp;quot; jhitranslate=&amp;quot;global.navbar.logout&amp;quot; ng-reflect-jhi-translate=&amp;quot;global.navbar.logout&amp;quot;&amp;gt;...&amp;lt;/span&amp;gt; is not clickable at point (1460, 28). Other element would receive the click: &amp;lt;div role=&amp;quot;alertdialog&amp;quot; aria-live=&amp;quot;polite&amp;quot; class=&amp;quot;ng-tns-c157-2 toast-message ng-star-inserted&amp;quot; aria-label=&amp;quot;Anfrage erfolgreich übermittelt&amp;quot; style=&amp;quot;&amp;quot;&amp;gt;...&amp;lt;/div&amp;gt;
  (Session info: chrome=132.0.6834.84)
Build info: version: &amp;apos;4.27.0&amp;apos;, revision: &amp;apos;d6e718d134&amp;apos;
System info: os.name: &amp;apos;Windows 10&amp;apos;, os.arch: &amp;apos;amd64&amp;apos;, os.version: &amp;apos;10.0&amp;apos;, java.version: &amp;apos;22.0.2&amp;apos;
Driver info: org.openqa.selenium.chrome.ChromeDriver
Command: [2784c81eddd20f4b24c9c9e436477757, clickElement {id=f.99339506F79A15C487778EBD4EA4B4C0.d.237BAE8F52FECFFC409E5AEE9B51B548.e.303}]
Capabilities {acceptInsecureCerts: false, browserName: chrome, browserVersion: 132.0.6834.84, chrome: {chromedriverVersion: 132.0.6834.83 (03d59cf5ecf1..., userDataDir: C:\Users\singity\AppData\Lo...}, fedcm:accounts: true, goog:chromeOptions: {debuggerAddress: localhost:55392}, networkConnectionEnabled: false, pageLoadStrategy: normal, platformName: windows, proxy: Proxy(), se:cdp: ws://localhost:55392/devtoo..., se:cdpVersion: 132.0.6834.84, setWindowRect: true, strictFileInteractability: false, timeouts: {implicit: 0, pageLoad: 300000, script: 30000}, unhandledPromptBehavior: dismiss and notify, webauthn:extension:credBlob: true, webauthn:extension:largeBlob: true, webauthn:extension:minPinLength: true, webauthn:extension:prf: true, webauthn:virtualAuthenticators: true}
Element: [[ChromeDriver: chrome on windows (2784c81eddd20f4b24c9c9e436477757)] -&amp;gt; xpath: //span[text()=&amp;apos;Abmelden&amp;apos;]]
Session ID: 2784c81eddd20f4b24c9c9e436477757">
      <![CDATA[org.openqa.selenium.ElementClickInterceptedException: element click intercepted: Element <span _ngcontent-hfo-c162="" jhitranslate="global.navbar.logout" ng-reflect-jhi-translate="global.navbar.logout">...</span> is not clickable at point (1460, 28). Other element would receive the click: <div role="alertdialog" aria-live="polite" class="ng-tns-c157-2 toast-message ng-star-inserted" aria-label="Anfrage erfolgreich übermittelt" style="">...</div>
  (Session info: chrome=132.0.6834.84)
Build info: version: '4.27.0', revision: 'd6e718d134'
System info: os.name: 'Windows 10', os.arch: 'amd64', os.version: '10.0', java.version: '22.0.2'
Driver info: org.openqa.selenium.chrome.ChromeDriver
Command: [2784c81eddd20f4b24c9c9e436477757, clickElement {id=f.99339506F79A15C487778EBD4EA4B4C0.d.237BAE8F52FECFFC409E5AEE9B51B548.e.303}]
Capabilities {acceptInsecureCerts: false, browserName: chrome, browserVersion: 132.0.6834.84, chrome: {chromedriverVersion: 132.0.6834.83 (03d59cf5ecf1..., userDataDir: C:\Users\singity\AppData\Lo...}, fedcm:accounts: true, goog:chromeOptions: {debuggerAddress: localhost:55392}, networkConnectionEnabled: false, pageLoadStrategy: normal, platformName: windows, proxy: Proxy(), se:cdp: ws://localhost:55392/devtoo..., se:cdpVersion: 132.0.6834.84, setWindowRect: true, strictFileInteractability: false, timeouts: {implicit: 0, pageLoad: 300000, script: 30000}, unhandledPromptBehavior: dismiss and notify, webauthn:extension:credBlob: true, webauthn:extension:largeBlob: true, webauthn:extension:minPinLength: true, webauthn:extension:prf: true, webauthn:virtualAuthenticators: true}
Element: [[ChromeDriver: chrome on windows (2784c81eddd20f4b24c9c9e436477757)] -> xpath: //span[text()='Abmelden']]
Session ID: 2784c81eddd20f4b24c9c9e436477757
at org.openqa.selenium.remote.ErrorCodec.decode(ErrorCodec.java:167)
at org.openqa.selenium.remote.codec.w3c.W3CHttpResponseCodec.decode(W3CHttpResponseCodec.java:138)
at org.openqa.selenium.remote.codec.w3c.W3CHttpResponseCodec.decode(W3CHttpResponseCodec.java:50)
at org.openqa.selenium.remote.HttpCommandExecutor.execute(HttpCommandExecutor.java:190)
at org.openqa.selenium.remote.service.DriverCommandExecutor.invokeExecute(DriverCommandExecutor.java:216)
at org.openqa.selenium.remote.service.DriverCommandExecutor.execute(DriverCommandExecutor.java:174)
at org.openqa.selenium.remote.RemoteWebDriver.execute(RemoteWebDriver.java:545)
at org.openqa.selenium.remote.RemoteWebElement.execute(RemoteWebElement.java:223)
at org.openqa.selenium.remote.RemoteWebElement.click(RemoteWebElement.java:76)
at org.openqa.selenium.support.pagefactory.internal.LocatingElementHandler.invoke(LocatingElementHandler.java:51)
at jdk.proxy2/jdk.proxy2.$Proxy10.click(Unknown Source)
at PageObject.Enquiry_Page.logout(Enquiry_Page.java:80)
at TestCase.TC002_Add_Enquiry.Add_enquiry(TC002_Add_Enquiry.java:45)
at java.base/java.util.ArrayList.forEach(ArrayList.java:1597)
... Removed 30 stack frames]]>
    </failure>
  </testcase> <!-- Add_enquiry -->
  <testcase classname="TestCase.TC003_Login_Supplier" name="Supplier_Login" time="6.862"/>
  <testcase classname="TestCase.TC004_Check_Enquiry" name="View_enquiry" time="6.275"/>
</testsuite> <!-- Test -->
