<?xml version="1.0" encoding="UTF-8"?>
<testng-results ignored="0" total="4" passed="4" failed="0" skipped="0">
  <reporter-output>
  </reporter-output>
  <suite started-at="2025-01-21T19:01:06 IST" name="Suite" finished-at="2025-01-21T19:02:23 IST" duration-ms="76396">
    <groups>
    </groups>
    <test started-at="2025-01-21T19:01:06 IST" name="Test" finished-at="2025-01-21T19:02:23 IST" duration-ms="76396">
      <class name="TestCase.TC004_Check_Enquiry">
        <test-method signature="View_enquiry()[pri:0, instance:TestCase.TC004_Check_Enquiry@ba2f4ec]" started-at="2025-01-21T19:02:06 IST" name="View_enquiry" finished-at="2025-01-21T19:02:23 IST" duration-ms="16240" status="PASS">
          <reporter-output>
          </reporter-output>
        </test-method> <!-- View_enquiry -->
      </class> <!-- TestCase.TC004_Check_Enquiry -->
      <class name="TestCase.TC003_Login_Supplier">
        <test-method signature="Supplier_Login()[pri:0, instance:TestCase.TC003_Login_Supplier@3bf7ca37]" started-at="2025-01-21T19:01:53 IST" name="Supplier_Login" finished-at="2025-01-21T19:02:06 IST" duration-ms="12833" status="PASS">
          <reporter-output>
          </reporter-output>
        </test-method> <!-- Supplier_Login -->
      </class> <!-- TestCase.TC003_Login_Supplier -->
      <class name="TestCase.TC002_Add_Enquiry">
        <test-method signature="Add_enquiry()[pri:0, instance:TestCase.TC002_Add_Enquiry@3c9754d8]" started-at="2025-01-21T19:01:22 IST" name="Add_enquiry" finished-at="2025-01-21T19:01:53 IST" duration-ms="31632" status="PASS">
          <reporter-output>
          </reporter-output>
        </test-method> <!-- Add_enquiry -->
      </class> <!-- TestCase.TC002_Add_Enquiry -->
      <class name="TestCase.TC001_Login_Buyer">
        <test-method signature="Buyer_Login()[pri:0, instance:TestCase.TC001_Login_Buyer@74e52ef6]" started-at="2025-01-21T19:01:06 IST" name="Buyer_Login" finished-at="2025-01-21T19:01:22 IST" duration-ms="15546" status="PASS">
          <reporter-output>
          </reporter-output>
        </test-method> <!-- Buyer_Login -->
      </class> <!-- TestCase.TC001_Login_Buyer -->
    </test> <!-- Test -->
  </suite> <!-- Suite -->
</testng-results>
