<?xml version="1.0" encoding="UTF-8"?>
<testng-results ignored="0" total="6" passed="4" failed="2" skipped="0">
  <reporter-output>
  </reporter-output>
  <suite started-at="2025-01-27T23:21:08 IST" name="Suite" finished-at="2025-01-27T23:22:40 IST" duration-ms="91567">
    <groups>
    </groups>
    <test started-at="2025-01-27T23:21:08 IST" name="Test" finished-at="2025-01-27T23:22:40 IST" duration-ms="91567">
      <class name="TestCase.TC004_Check_Enquiry">
        <test-method signature="View_enquiry()[pri:0, instance:TestCase.TC004_Check_Enquiry@55fe41ea]" started-at="2025-01-27T23:22:18 IST" name="View_enquiry" finished-at="2025-01-27T23:22:34 IST" duration-ms="15575" status="PASS">
          <reporter-output>
          </reporter-output>
        </test-method> <!-- View_enquiry -->
      </class> <!-- TestCase.TC004_Check_Enquiry -->
      <class name="TestCase.TC003_Login_Supplier">
        <test-method signature="Supplier_Login()[pri:0, instance:TestCase.TC003_Login_Supplier@4d1c00d0]" started-at="2025-01-27T23:22:06 IST" name="Supplier_Login" finished-at="2025-01-27T23:22:18 IST" duration-ms="12387" status="PASS">
          <reporter-output>
          </reporter-output>
        </test-method> <!-- Supplier_Login -->
      </class> <!-- TestCase.TC003_Login_Supplier -->
      <class name="TestCase.TC002_Add_Enquiry">
        <test-method signature="Add_enquiry()[pri:0, instance:TestCase.TC002_Add_Enquiry@79079097]" started-at="2025-01-27T23:21:25 IST" name="Add_enquiry" finished-at="2025-01-27T23:22:06 IST" duration-ms="41154" status="FAIL">
          <exception class="java.lang.AssertionError">
            <message>
              <![CDATA[The following asserts failed:
expected [ Lieferant ausgewählt ] but found [Lieferant ausgewählt],
expected [Anfragen] but found [User Profiles]]]>
            </message>
            <full-stacktrace>
              <![CDATA[java.lang.AssertionError: The following asserts failed:
expected [ Lieferant ausgewählt ] but found [Lieferant ausgewählt],
expected [Anfragen] but found [User Profiles]
at org.testng.asserts.SoftAssert.assertAll(SoftAssert.java:46)
at org.testng.asserts.SoftAssert.assertAll(SoftAssert.java:30)
at TestCase.TC002_Add_Enquiry.Add_enquiry(TC002_Add_Enquiry.java:54)
at java.base/jdk.internal.reflect.DirectMethodHandleAccessor.invoke(DirectMethodHandleAccessor.java:103)
at java.base/java.lang.reflect.Method.invoke(Method.java:580)
at org.testng.internal.invokers.MethodInvocationHelper.invokeMethod(MethodInvocationHelper.java:141)
at org.testng.internal.invokers.TestInvoker.invokeMethod(TestInvoker.java:686)
at org.testng.internal.invokers.TestInvoker.invokeTestMethod(TestInvoker.java:230)
at org.testng.internal.invokers.MethodRunner.runInSequence(MethodRunner.java:63)
at org.testng.internal.invokers.TestInvoker$MethodInvocationAgent.invoke(TestInvoker.java:992)
at org.testng.internal.invokers.TestInvoker.invokeTestMethods(TestInvoker.java:203)
at org.testng.internal.invokers.TestMethodWorker.invokeTestMethods(TestMethodWorker.java:154)
at org.testng.internal.invokers.TestMethodWorker.run(TestMethodWorker.java:134)
at java.base/java.util.ArrayList.forEach(ArrayList.java:1597)
at org.testng.TestRunner.privateRun(TestRunner.java:739)
at org.testng.TestRunner.run(TestRunner.java:614)
at org.testng.SuiteRunner.runTest(SuiteRunner.java:421)
at org.testng.SuiteRunner.runSequentially(SuiteRunner.java:413)
at org.testng.SuiteRunner.privateRun(SuiteRunner.java:373)
at org.testng.SuiteRunner.run(SuiteRunner.java:312)
at org.testng.SuiteRunnerWorker.runSuite(SuiteRunnerWorker.java:52)
at org.testng.SuiteRunnerWorker.run(SuiteRunnerWorker.java:95)
at org.testng.TestNG.runSuitesSequentially(TestNG.java:1274)
at org.testng.TestNG.runSuitesLocally(TestNG.java:1208)
at org.testng.TestNG.runSuites(TestNG.java:1112)
at org.testng.TestNG.run(TestNG.java:1079)
at org.testng.remote.AbstractRemoteTestNG.run(AbstractRemoteTestNG.java:115)
at org.testng.remote.RemoteTestNG.initAndRun(RemoteTestNG.java:293)
at org.testng.remote.RemoteTestNG.main(RemoteTestNG.java:91)
]]>
            </full-stacktrace>
          </exception> <!-- java.lang.AssertionError -->
          <reporter-output>
          </reporter-output>
        </test-method> <!-- Add_enquiry -->
      </class> <!-- TestCase.TC002_Add_Enquiry -->
      <class name="TestCase.TC001_Login_Buyer">
        <test-method signature="Buyer_Login()[pri:0, instance:TestCase.TC001_Login_Buyer@1a677343]" started-at="2025-01-27T23:21:09 IST" name="Buyer_Login" finished-at="2025-01-27T23:21:25 IST" duration-ms="16211" status="PASS">
          <reporter-output>
          </reporter-output>
        </test-method> <!-- Buyer_Login -->
      </class> <!-- TestCase.TC001_Login_Buyer -->
      <class name="TestCase.TC006_ViewOrder">
        <test-method signature="CheckOder()[pri:0, instance:TestCase.TC006_ViewOrder@1ce24091]" started-at="2025-01-27T23:22:39 IST" name="CheckOder" finished-at="2025-01-27T23:22:40 IST" duration-ms="1360" status="FAIL">
          <exception class="java.lang.IllegalArgumentException">
            <message>
              <![CDATA[Keys to send should be a not null CharSequence]]>
            </message>
            <full-stacktrace>
              <![CDATA[java.lang.IllegalArgumentException: Keys to send should be a not null CharSequence
at org.openqa.selenium.remote.RemoteWebElement.sendKeys(RemoteWebElement.java:96)
at java.base/jdk.internal.reflect.DirectMethodHandleAccessor.invoke(DirectMethodHandleAccessor.java:103)
at java.base/java.lang.reflect.Method.invoke(Method.java:580)
at org.openqa.selenium.support.pagefactory.internal.LocatingElementHandler.invoke(LocatingElementHandler.java:51)
at jdk.proxy2/jdk.proxy2.$Proxy10.sendKeys(Unknown Source)
at PageObject.Enquiry_Page.search(Enquiry_Page.java:109)
at TestCase.TC006_ViewOrder.CheckOder(TC006_ViewOrder.java:19)
at java.base/jdk.internal.reflect.DirectMethodHandleAccessor.invoke(DirectMethodHandleAccessor.java:103)
at java.base/java.lang.reflect.Method.invoke(Method.java:580)
at org.testng.internal.invokers.MethodInvocationHelper.invokeMethod(MethodInvocationHelper.java:141)
at org.testng.internal.invokers.TestInvoker.invokeMethod(TestInvoker.java:686)
at org.testng.internal.invokers.TestInvoker.invokeTestMethod(TestInvoker.java:230)
at org.testng.internal.invokers.MethodRunner.runInSequence(MethodRunner.java:63)
at org.testng.internal.invokers.TestInvoker$MethodInvocationAgent.invoke(TestInvoker.java:992)
at org.testng.internal.invokers.TestInvoker.invokeTestMethods(TestInvoker.java:203)
at org.testng.internal.invokers.TestMethodWorker.invokeTestMethods(TestMethodWorker.java:154)
at org.testng.internal.invokers.TestMethodWorker.run(TestMethodWorker.java:134)
at java.base/java.util.ArrayList.forEach(ArrayList.java:1597)
at org.testng.TestRunner.privateRun(TestRunner.java:739)
at org.testng.TestRunner.run(TestRunner.java:614)
at org.testng.SuiteRunner.runTest(SuiteRunner.java:421)
at org.testng.SuiteRunner.runSequentially(SuiteRunner.java:413)
at org.testng.SuiteRunner.privateRun(SuiteRunner.java:373)
at org.testng.SuiteRunner.run(SuiteRunner.java:312)
at org.testng.SuiteRunnerWorker.runSuite(SuiteRunnerWorker.java:52)
at org.testng.SuiteRunnerWorker.run(SuiteRunnerWorker.java:95)
at org.testng.TestNG.runSuitesSequentially(TestNG.java:1274)
at org.testng.TestNG.runSuitesLocally(TestNG.java:1208)
at org.testng.TestNG.runSuites(TestNG.java:1112)
at org.testng.TestNG.run(TestNG.java:1079)
at org.testng.remote.AbstractRemoteTestNG.run(AbstractRemoteTestNG.java:115)
at org.testng.remote.RemoteTestNG.initAndRun(RemoteTestNG.java:293)
at org.testng.remote.RemoteTestNG.main(RemoteTestNG.java:91)
]]>
            </full-stacktrace>
          </exception> <!-- java.lang.IllegalArgumentException -->
          <reporter-output>
          </reporter-output>
        </test-method> <!-- CheckOder -->
      </class> <!-- TestCase.TC006_ViewOrder -->
      <class name="TestCase.TC005_BuyerCheckOffer">
        <test-method signature="View_Offer()[pri:0, instance:TestCase.TC005_BuyerCheckOffer@fbd1f6]" started-at="2025-01-27T23:22:34 IST" name="View_Offer" finished-at="2025-01-27T23:22:39 IST" duration-ms="4757" status="PASS">
          <reporter-output>
          </reporter-output>
        </test-method> <!-- View_Offer -->
      </class> <!-- TestCase.TC005_BuyerCheckOffer -->
    </test> <!-- Test -->
  </suite> <!-- Suite -->
</testng-results>
