<?xml version="1.0" encoding="UTF-8"?>
<testng-results ignored="0" total="4" passed="3" failed="1" skipped="0">
  <reporter-output>
  </reporter-output>
  <suite started-at="2025-01-21T17:47:30 IST" name="Suite" finished-at="2025-01-21T17:48:42 IST" duration-ms="71172">
    <groups>
    </groups>
    <test started-at="2025-01-21T17:47:30 IST" name="Test" finished-at="2025-01-21T17:48:42 IST" duration-ms="71172">
      <class name="TestCase.TC004_Check_Enquiry">
        <test-method signature="View_enquiry()[pri:0, instance:TestCase.TC004_Check_Enquiry@ba2f4ec]" started-at="2025-01-21T17:48:25 IST" name="View_enquiry" finished-at="2025-01-21T17:48:42 IST" duration-ms="16841" status="FAIL">
          <exception class="org.openqa.selenium.NoSuchElementException">
            <message>
              <![CDATA[no such element: Unable to locate element: {"method":"xpath","selector":"//input[@class='ng-touched ng-dirty ng-invalid']"}
  (Session info: chrome=132.0.6834.84)
For documentation on this error, please visit: https://www.selenium.dev/documentation/webdriver/troubleshooting/errors#no-such-element-exception
Build info: version: '4.27.0', revision: 'd6e718d134'
System info: os.name: 'Windows 10', os.arch: 'amd64', os.version: '10.0', java.version: '22.0.2'
Driver info: org.openqa.selenium.chrome.ChromeDriver
Command: [f77aff91a09aab4d4707b30db4397453, findElement {value=//input[@class='ng-touched ng-dirty ng-invalid'], using=xpath}]
Capabilities {acceptInsecureCerts: false, browserName: chrome, browserVersion: 132.0.6834.84, chrome: {chromedriverVersion: 132.0.6834.83 (03d59cf5ecf1..., userDataDir: C:\Users\singity\AppData\Lo...}, fedcm:accounts: true, goog:chromeOptions: {debuggerAddress: localhost:59986}, networkConnectionEnabled: false, pageLoadStrategy: normal, platformName: windows, proxy: Proxy(), se:cdp: ws://localhost:59986/devtoo..., se:cdpVersion: 132.0.6834.84, setWindowRect: true, strictFileInteractability: false, timeouts: {implicit: 0, pageLoad: 300000, script: 30000}, unhandledPromptBehavior: dismiss and notify, webauthn:extension:credBlob: true, webauthn:extension:largeBlob: true, webauthn:extension:minPinLength: true, webauthn:extension:prf: true, webauthn:virtualAuthenticators: true}
Session ID: f77aff91a09aab4d4707b30db4397453]]>
            </message>
            <full-stacktrace>
              <![CDATA[org.openqa.selenium.NoSuchElementException: no such element: Unable to locate element: {"method":"xpath","selector":"//input[@class='ng-touched ng-dirty ng-invalid']"}
  (Session info: chrome=132.0.6834.84)
For documentation on this error, please visit: https://www.selenium.dev/documentation/webdriver/troubleshooting/errors#no-such-element-exception
Build info: version: '4.27.0', revision: 'd6e718d134'
System info: os.name: 'Windows 10', os.arch: 'amd64', os.version: '10.0', java.version: '22.0.2'
Driver info: org.openqa.selenium.chrome.ChromeDriver
Command: [f77aff91a09aab4d4707b30db4397453, findElement {value=//input[@class='ng-touched ng-dirty ng-invalid'], using=xpath}]
Capabilities {acceptInsecureCerts: false, browserName: chrome, browserVersion: 132.0.6834.84, chrome: {chromedriverVersion: 132.0.6834.83 (03d59cf5ecf1..., userDataDir: C:\Users\singity\AppData\Lo...}, fedcm:accounts: true, goog:chromeOptions: {debuggerAddress: localhost:59986}, networkConnectionEnabled: false, pageLoadStrategy: normal, platformName: windows, proxy: Proxy(), se:cdp: ws://localhost:59986/devtoo..., se:cdpVersion: 132.0.6834.84, setWindowRect: true, strictFileInteractability: false, timeouts: {implicit: 0, pageLoad: 300000, script: 30000}, unhandledPromptBehavior: dismiss and notify, webauthn:extension:credBlob: true, webauthn:extension:largeBlob: true, webauthn:extension:minPinLength: true, webauthn:extension:prf: true, webauthn:virtualAuthenticators: true}
Session ID: f77aff91a09aab4d4707b30db4397453
at java.base/jdk.internal.reflect.DirectConstructorHandleAccessor.newInstance(DirectConstructorHandleAccessor.java:62)
at java.base/java.lang.reflect.Constructor.newInstanceWithCaller(Constructor.java:502)
at java.base/java.lang.reflect.Constructor.newInstance(Constructor.java:486)
at org.openqa.selenium.remote.ErrorCodec.decode(ErrorCodec.java:167)
at org.openqa.selenium.remote.codec.w3c.W3CHttpResponseCodec.decode(W3CHttpResponseCodec.java:138)
at org.openqa.selenium.remote.codec.w3c.W3CHttpResponseCodec.decode(W3CHttpResponseCodec.java:50)
at org.openqa.selenium.remote.HttpCommandExecutor.execute(HttpCommandExecutor.java:190)
at org.openqa.selenium.remote.service.DriverCommandExecutor.invokeExecute(DriverCommandExecutor.java:216)
at org.openqa.selenium.remote.service.DriverCommandExecutor.execute(DriverCommandExecutor.java:174)
at org.openqa.selenium.remote.RemoteWebDriver.execute(RemoteWebDriver.java:545)
at org.openqa.selenium.remote.ElementLocation$ElementFinder$2.findElement(ElementLocation.java:165)
at org.openqa.selenium.remote.ElementLocation.findElement(ElementLocation.java:59)
at org.openqa.selenium.remote.RemoteWebDriver.findElement(RemoteWebDriver.java:368)
at org.openqa.selenium.remote.RemoteWebDriver.findElement(RemoteWebDriver.java:362)
at org.openqa.selenium.support.pagefactory.DefaultElementLocator.findElement(DefaultElementLocator.java:68)
at org.openqa.selenium.support.pagefactory.internal.LocatingElementHandler.invoke(LocatingElementHandler.java:38)
at jdk.proxy2/jdk.proxy2.$Proxy10.sendKeys(Unknown Source)
at PageObject.Enquiry_Page.create_offer(Enquiry_Page.java:100)
at TestCase.TC004_Check_Enquiry.View_enquiry(TC004_Check_Enquiry.java:22)
at java.base/jdk.internal.reflect.DirectMethodHandleAccessor.invoke(DirectMethodHandleAccessor.java:103)
at java.base/java.lang.reflect.Method.invoke(Method.java:580)
at org.testng.internal.invokers.MethodInvocationHelper.invokeMethod(MethodInvocationHelper.java:141)
at org.testng.internal.invokers.TestInvoker.invokeMethod(TestInvoker.java:686)
at org.testng.internal.invokers.TestInvoker.invokeTestMethod(TestInvoker.java:230)
at org.testng.internal.invokers.MethodRunner.runInSequence(MethodRunner.java:63)
at org.testng.internal.invokers.TestInvoker$MethodInvocationAgent.invoke(TestInvoker.java:992)
at org.testng.internal.invokers.TestInvoker.invokeTestMethods(TestInvoker.java:203)
at org.testng.internal.invokers.TestMethodWorker.invokeTestMethods(TestMethodWorker.java:154)
at org.testng.internal.invokers.TestMethodWorker.run(TestMethodWorker.java:134)
at java.base/java.util.ArrayList.forEach(ArrayList.java:1597)
at org.testng.TestRunner.privateRun(TestRunner.java:739)
at org.testng.TestRunner.run(TestRunner.java:614)
at org.testng.SuiteRunner.runTest(SuiteRunner.java:421)
at org.testng.SuiteRunner.runSequentially(SuiteRunner.java:413)
at org.testng.SuiteRunner.privateRun(SuiteRunner.java:373)
at org.testng.SuiteRunner.run(SuiteRunner.java:312)
at org.testng.SuiteRunnerWorker.runSuite(SuiteRunnerWorker.java:52)
at org.testng.SuiteRunnerWorker.run(SuiteRunnerWorker.java:95)
at org.testng.TestNG.runSuitesSequentially(TestNG.java:1274)
at org.testng.TestNG.runSuitesLocally(TestNG.java:1208)
at org.testng.TestNG.runSuites(TestNG.java:1112)
at org.testng.TestNG.run(TestNG.java:1079)
at org.testng.remote.AbstractRemoteTestNG.run(AbstractRemoteTestNG.java:115)
at org.testng.remote.RemoteTestNG.initAndRun(RemoteTestNG.java:293)
at org.testng.remote.RemoteTestNG.main(RemoteTestNG.java:91)
]]>
            </full-stacktrace>
          </exception> <!-- org.openqa.selenium.NoSuchElementException -->
          <reporter-output>
          </reporter-output>
        </test-method> <!-- View_enquiry -->
      </class> <!-- TestCase.TC004_Check_Enquiry -->
      <class name="TestCase.TC003_Login_Supplier">
        <test-method signature="Supplier_Login()[pri:0, instance:TestCase.TC003_Login_Supplier@3bf7ca37]" started-at="2025-01-21T17:48:18 IST" name="Supplier_Login" finished-at="2025-01-21T17:48:25 IST" duration-ms="7177" status="PASS">
          <reporter-output>
          </reporter-output>
        </test-method> <!-- Supplier_Login -->
      </class> <!-- TestCase.TC003_Login_Supplier -->
      <class name="TestCase.TC002_Add_Enquiry">
        <test-method signature="Add_enquiry()[pri:0, instance:TestCase.TC002_Add_Enquiry@3c9754d8]" started-at="2025-01-21T17:47:46 IST" name="Add_enquiry" finished-at="2025-01-21T17:48:18 IST" duration-ms="31516" status="PASS">
          <reporter-output>
          </reporter-output>
        </test-method> <!-- Add_enquiry -->
      </class> <!-- TestCase.TC002_Add_Enquiry -->
      <class name="TestCase.TC001_Login_Buyer">
        <test-method signature="Buyer_Login()[pri:0, instance:TestCase.TC001_Login_Buyer@74e52ef6]" started-at="2025-01-21T17:47:31 IST" name="Buyer_Login" finished-at="2025-01-21T17:47:46 IST" duration-ms="15525" status="PASS">
          <reporter-output>
          </reporter-output>
        </test-method> <!-- Buyer_Login -->
      </class> <!-- TestCase.TC001_Login_Buyer -->
    </test> <!-- Test -->
  </suite> <!-- Suite -->
</testng-results>
