<?xml version="1.0" encoding="UTF-8"?>
<testng-results ignored="0" total="4" passed="3" failed="1" skipped="0">
  <reporter-output>
  </reporter-output>
  <suite started-at="2025-01-17T17:30:54 IST" name="Suite" finished-at="2025-01-17T17:31:53 IST" duration-ms="59328">
    <groups>
    </groups>
    <test started-at="2025-01-17T17:30:54 IST" name="Test" finished-at="2025-01-17T17:31:53 IST" duration-ms="59328">
      <class name="TestCase.TC004_Check_Enquiry">
        <test-method signature="View_enquiry()[pri:0, instance:TestCase.TC004_Check_Enquiry@79079097]" started-at="2025-01-17T17:31:47 IST" name="View_enquiry" finished-at="2025-01-17T17:31:53 IST" duration-ms="6275" status="PASS">
          <reporter-output>
          </reporter-output>
        </test-method> <!-- View_enquiry -->
      </class> <!-- TestCase.TC004_Check_Enquiry -->
      <class name="TestCase.TC003_Login_Supplier">
        <test-method signature="Supplier_Login()[pri:0, instance:TestCase.TC003_Login_Supplier@3bf7ca37]" started-at="2025-01-17T17:31:40 IST" name="Supplier_Login" finished-at="2025-01-17T17:31:47 IST" duration-ms="6862" status="PASS">
          <reporter-output>
          </reporter-output>
        </test-method> <!-- Supplier_Login -->
      </class> <!-- TestCase.TC003_Login_Supplier -->
      <class name="TestCase.TC002_Add_Enquiry">
        <test-method signature="Add_enquiry()[pri:0, instance:TestCase.TC002_Add_Enquiry@3c9754d8]" started-at="2025-01-17T17:31:08 IST" name="Add_enquiry" finished-at="2025-01-17T17:31:40 IST" duration-ms="31907" status="FAIL">
          <exception class="org.openqa.selenium.ElementClickInterceptedException">
            <message>
              <![CDATA[element click intercepted: Element <span _ngcontent-hfo-c162="" jhitranslate="global.navbar.logout" ng-reflect-jhi-translate="global.navbar.logout">...</span> is not clickable at point (1460, 28). Other element would receive the click: <div role="alertdialog" aria-live="polite" class="ng-tns-c157-2 toast-message ng-star-inserted" aria-label="Anfrage erfolgreich übermittelt" style="">...</div>
  (Session info: chrome=132.0.6834.84)
Build info: version: '4.27.0', revision: 'd6e718d134'
System info: os.name: 'Windows 10', os.arch: 'amd64', os.version: '10.0', java.version: '22.0.2'
Driver info: org.openqa.selenium.chrome.ChromeDriver
Command: [2784c81eddd20f4b24c9c9e436477757, clickElement {id=f.99339506F79A15C487778EBD4EA4B4C0.d.237BAE8F52FECFFC409E5AEE9B51B548.e.303}]
Capabilities {acceptInsecureCerts: false, browserName: chrome, browserVersion: 132.0.6834.84, chrome: {chromedriverVersion: 132.0.6834.83 (03d59cf5ecf1..., userDataDir: C:\Users\singity\AppData\Lo...}, fedcm:accounts: true, goog:chromeOptions: {debuggerAddress: localhost:55392}, networkConnectionEnabled: false, pageLoadStrategy: normal, platformName: windows, proxy: Proxy(), se:cdp: ws://localhost:55392/devtoo..., se:cdpVersion: 132.0.6834.84, setWindowRect: true, strictFileInteractability: false, timeouts: {implicit: 0, pageLoad: 300000, script: 30000}, unhandledPromptBehavior: dismiss and notify, webauthn:extension:credBlob: true, webauthn:extension:largeBlob: true, webauthn:extension:minPinLength: true, webauthn:extension:prf: true, webauthn:virtualAuthenticators: true}
Element: [[ChromeDriver: chrome on windows (2784c81eddd20f4b24c9c9e436477757)] -> xpath: //span[text()='Abmelden']]
Session ID: 2784c81eddd20f4b24c9c9e436477757]]>
            </message>
            <full-stacktrace>
              <![CDATA[org.openqa.selenium.ElementClickInterceptedException: element click intercepted: Element <span _ngcontent-hfo-c162="" jhitranslate="global.navbar.logout" ng-reflect-jhi-translate="global.navbar.logout">...</span> is not clickable at point (1460, 28). Other element would receive the click: <div role="alertdialog" aria-live="polite" class="ng-tns-c157-2 toast-message ng-star-inserted" aria-label="Anfrage erfolgreich übermittelt" style="">...</div>
  (Session info: chrome=132.0.6834.84)
Build info: version: '4.27.0', revision: 'd6e718d134'
System info: os.name: 'Windows 10', os.arch: 'amd64', os.version: '10.0', java.version: '22.0.2'
Driver info: org.openqa.selenium.chrome.ChromeDriver
Command: [2784c81eddd20f4b24c9c9e436477757, clickElement {id=f.99339506F79A15C487778EBD4EA4B4C0.d.237BAE8F52FECFFC409E5AEE9B51B548.e.303}]
Capabilities {acceptInsecureCerts: false, browserName: chrome, browserVersion: 132.0.6834.84, chrome: {chromedriverVersion: 132.0.6834.83 (03d59cf5ecf1..., userDataDir: C:\Users\singity\AppData\Lo...}, fedcm:accounts: true, goog:chromeOptions: {debuggerAddress: localhost:55392}, networkConnectionEnabled: false, pageLoadStrategy: normal, platformName: windows, proxy: Proxy(), se:cdp: ws://localhost:55392/devtoo..., se:cdpVersion: 132.0.6834.84, setWindowRect: true, strictFileInteractability: false, timeouts: {implicit: 0, pageLoad: 300000, script: 30000}, unhandledPromptBehavior: dismiss and notify, webauthn:extension:credBlob: true, webauthn:extension:largeBlob: true, webauthn:extension:minPinLength: true, webauthn:extension:prf: true, webauthn:virtualAuthenticators: true}
Element: [[ChromeDriver: chrome on windows (2784c81eddd20f4b24c9c9e436477757)] -> xpath: //span[text()='Abmelden']]
Session ID: 2784c81eddd20f4b24c9c9e436477757
at java.base/jdk.internal.reflect.DirectConstructorHandleAccessor.newInstance(DirectConstructorHandleAccessor.java:62)
at java.base/java.lang.reflect.Constructor.newInstanceWithCaller(Constructor.java:502)
at java.base/java.lang.reflect.Constructor.newInstance(Constructor.java:486)
at org.openqa.selenium.remote.ErrorCodec.decode(ErrorCodec.java:167)
at org.openqa.selenium.remote.codec.w3c.W3CHttpResponseCodec.decode(W3CHttpResponseCodec.java:138)
at org.openqa.selenium.remote.codec.w3c.W3CHttpResponseCodec.decode(W3CHttpResponseCodec.java:50)
at org.openqa.selenium.remote.HttpCommandExecutor.execute(HttpCommandExecutor.java:190)
at org.openqa.selenium.remote.service.DriverCommandExecutor.invokeExecute(DriverCommandExecutor.java:216)
at org.openqa.selenium.remote.service.DriverCommandExecutor.execute(DriverCommandExecutor.java:174)
at org.openqa.selenium.remote.RemoteWebDriver.execute(RemoteWebDriver.java:545)
at org.openqa.selenium.remote.RemoteWebElement.execute(RemoteWebElement.java:223)
at org.openqa.selenium.remote.RemoteWebElement.click(RemoteWebElement.java:76)
at java.base/jdk.internal.reflect.DirectMethodHandleAccessor.invoke(DirectMethodHandleAccessor.java:103)
at java.base/java.lang.reflect.Method.invoke(Method.java:580)
at org.openqa.selenium.support.pagefactory.internal.LocatingElementHandler.invoke(LocatingElementHandler.java:51)
at jdk.proxy2/jdk.proxy2.$Proxy10.click(Unknown Source)
at PageObject.Enquiry_Page.logout(Enquiry_Page.java:80)
at TestCase.TC002_Add_Enquiry.Add_enquiry(TC002_Add_Enquiry.java:45)
at java.base/jdk.internal.reflect.DirectMethodHandleAccessor.invoke(DirectMethodHandleAccessor.java:103)
at java.base/java.lang.reflect.Method.invoke(Method.java:580)
at org.testng.internal.invokers.MethodInvocationHelper.invokeMethod(MethodInvocationHelper.java:141)
at org.testng.internal.invokers.TestInvoker.invokeMethod(TestInvoker.java:686)
at org.testng.internal.invokers.TestInvoker.invokeTestMethod(TestInvoker.java:230)
at org.testng.internal.invokers.MethodRunner.runInSequence(MethodRunner.java:63)
at org.testng.internal.invokers.TestInvoker$MethodInvocationAgent.invoke(TestInvoker.java:992)
at org.testng.internal.invokers.TestInvoker.invokeTestMethods(TestInvoker.java:203)
at org.testng.internal.invokers.TestMethodWorker.invokeTestMethods(TestMethodWorker.java:154)
at org.testng.internal.invokers.TestMethodWorker.run(TestMethodWorker.java:134)
at java.base/java.util.ArrayList.forEach(ArrayList.java:1597)
at org.testng.TestRunner.privateRun(TestRunner.java:739)
at org.testng.TestRunner.run(TestRunner.java:614)
at org.testng.SuiteRunner.runTest(SuiteRunner.java:421)
at org.testng.SuiteRunner.runSequentially(SuiteRunner.java:413)
at org.testng.SuiteRunner.privateRun(SuiteRunner.java:373)
at org.testng.SuiteRunner.run(SuiteRunner.java:312)
at org.testng.SuiteRunnerWorker.runSuite(SuiteRunnerWorker.java:52)
at org.testng.SuiteRunnerWorker.run(SuiteRunnerWorker.java:95)
at org.testng.TestNG.runSuitesSequentially(TestNG.java:1274)
at org.testng.TestNG.runSuitesLocally(TestNG.java:1208)
at org.testng.TestNG.runSuites(TestNG.java:1112)
at org.testng.TestNG.run(TestNG.java:1079)
at org.testng.remote.AbstractRemoteTestNG.run(AbstractRemoteTestNG.java:115)
at org.testng.remote.RemoteTestNG.initAndRun(RemoteTestNG.java:293)
at org.testng.remote.RemoteTestNG.main(RemoteTestNG.java:91)
]]>
            </full-stacktrace>
          </exception> <!-- org.openqa.selenium.ElementClickInterceptedException -->
          <reporter-output>
          </reporter-output>
        </test-method> <!-- Add_enquiry -->
      </class> <!-- TestCase.TC002_Add_Enquiry -->
      <class name="TestCase.TC001_Login_Buyer">
        <test-method signature="Buyer_Login()[pri:1, instance:TestCase.TC001_Login_Buyer@74e52ef6]" started-at="2025-01-17T17:30:54 IST" name="Buyer_Login" finished-at="2025-01-17T17:31:08 IST" duration-ms="14167" status="PASS">
          <reporter-output>
          </reporter-output>
        </test-method> <!-- Buyer_Login -->
      </class> <!-- TestCase.TC001_Login_Buyer -->
    </test> <!-- Test -->
  </suite> <!-- Suite -->
</testng-results>
